Gurobi Optimizer version 11.0.3 build v11.0.3rc0 (linux64 - "Rocky Linux 9.4 (Blue Onyx)")

CPU model: AMD EPYC 7662 64-Core Processor, instruction set [SSE2|AVX|AVX2]
Thread count: 128 physical cores, 128 logical processors, using up to 32 threads

Optimize a model with 15059016 rows, 7352685 columns and 43629859 nonzeros
Model fingerprint: 0x47003898
Variable types: 0 continuous, 7352685 integer (7352685 binary)
Coefficient statistics:
  Matrix range     [1e+00, 1e+00]
  Objective range  [1e-04, 1e+00]
  Bounds range     [1e+00, 1e+00]
  RHS range        [1e+00, 5e+04]
Found heuristic solution: objective 1184.0264988
Presolve removed 1890971 rows and 816965 columns (presolve time = 5s) ...
Presolve removed 1890971 rows and 816965 columns (presolve time = 10s) ...
Presolve removed 1890971 rows and 816965 columns (presolve time = 15s) ...
Presolve removed 1890971 rows and 816965 columns (presolve time = 20s) ...
Presolve removed 1890971 rows and 816965 columns (presolve time = 25s) ...
Presolve removed 1890971 rows and 816965 columns (presolve time = 32s) ...
Presolve removed 1890971 rows and 816965 columns (presolve time = 36s) ...
Presolve removed 1890971 rows and 816965 columns (presolve time = 40s) ...
Presolve removed 1890971 rows and 816965 columns (presolve time = 45s) ...
Presolve removed 1890971 rows and 816965 columns (presolve time = 50s) ...
Presolve removed 1890971 rows and 816965 columns (presolve time = 55s) ...
Presolve removed 1890971 rows and 816965 columns (presolve time = 60s) ...
Presolve removed 1890971 rows and 816965 columns (presolve time = 66s) ...
Presolve removed 6600035 rows and 1023485 columns (presolve time = 70s) ...
Presolve removed 6600035 rows and 1023485 columns (presolve time = 75s) ...
Presolve removed 6600035 rows and 1023485 columns (presolve time = 81s) ...
Presolve removed 6600035 rows and 1023485 columns (presolve time = 85s) ...
Presolve removed 6600035 rows and 1023485 columns (presolve time = 90s) ...
Presolve removed 6600035 rows and 1023485 columns (presolve time = 95s) ...
Presolve removed 6600035 rows and 1023485 columns (presolve time = 100s) ...
Presolve removed 6600035 rows and 1023485 columns (presolve time = 105s) ...
Presolve removed 6600035 rows and 1023485 columns (presolve time = 110s) ...
Presolve removed 6600035 rows and 1023485 columns (presolve time = 116s) ...
Presolve removed 6600035 rows and 1023485 columns (presolve time = 120s) ...
Presolve removed 6600034 rows and 1023484 columns
Presolve time: 124.01s
Presolved: 8458982 rows, 6329201 columns, 24196956 nonzeros
Variable types: 0 continuous, 6329201 integer (6329200 binary)
Found heuristic solution: objective 1578.9728974
Concurrent LP optimizer: primal and dual simplex
Showing primal log only...


Root simplex log...

Iteration    Objective       Primal Inf.    Dual Inf.      Time
       0    9.8518900e+03   1.788725e+04   3.036562e+10    182s
   53422    5.6499899e+03   4.660000e+02   5.425078e+11    185s
   74761    5.4711007e+03   0.000000e+00   5.604986e+04    189s
 4176793    5.8939409e+03   0.000000e+00   3.781224e+04    192s
 4247619    5.9262124e+03   0.000000e+00   4.270064e+03    206s
 4312499    5.9728699e+03   0.000000e+00   4.335107e+04    221s
 4356561    5.9856361e+03   0.000000e+00   2.406585e+04    241s
 4397141    5.9970935e+03   0.000000e+00   1.911325e+04    263s
 4433581    6.0092924e+03   0.000000e+00   6.382433e+03    287s
 4469221    6.0191274e+03   0.000000e+00   6.410010e+03    310s
 4502030    6.0276868e+03   0.000000e+00   4.311482e+03    331s
 4530985    6.0355312e+03   0.000000e+00   2.469576e+04    354s
 4547670    6.0396554e+03   0.000000e+00   6.989583e+03    373s
 4575075    6.0458008e+03   0.000000e+00   4.220799e+04    403s
 4594859    6.0501623e+03   0.000000e+00   6.694832e+03    431s
 4614646    6.0544238e+03   0.000000e+00   2.780988e+03    455s
 4637733    6.0614416e+03   0.000000e+00   5.865725e+03    476s
 4651785    6.0700853e+03   0.000000e+00   9.194597e+05    488s
 4664333    6.0787356e+03   0.000000e+00   5.344646e+04    509s
 4678498    6.0859618e+03   0.000000e+00   9.963133e+03    527s
 4696132    6.0949785e+03   0.000000e+00   1.926531e+04    547s
 4708514    6.1013860e+03   0.000000e+00   1.852674e+04    563s
 4728973    6.1108633e+03   0.000000e+00   1.108409e+04    585s
 4739180    6.1170621e+03   0.000000e+00   6.436527e+03    599s
 4754185    6.1230450e+03   0.000000e+00   8.704068e+03    621s
 4769752    6.1287303e+03   0.000000e+00   5.622522e+03    642s
 4780255    6.1330208e+03   0.000000e+00   2.729504e+04    664s
 4793349    6.1367154e+03   0.000000e+00   2.985206e+04    679s
 4810370    6.1413178e+03   0.000000e+00   1.841449e+04    704s
 4820643    6.1453587e+03   0.000000e+00   3.294904e+04    727s
 4843163    6.1514362e+03   0.000000e+00   7.671745e+04    758s
 4853362    6.1546427e+03   0.000000e+00   5.421828e+04    779s
 4870275    6.1609271e+03   0.000000e+00   9.071857e+03    793s
 4897393    6.1705427e+03   0.000000e+00   4.115234e+03    812s
 4906491    6.1728161e+03   0.000000e+00   3.377391e+03    825s
 4919677    6.1760835e+03   0.000000e+00   1.412539e+04    835s
 4930107    6.1787126e+03   0.000000e+00   1.758006e+04    847s
 4941556    6.1813711e+03   0.000000e+00   3.868500e+03    859s
 4957089    6.1848806e+03   0.000000e+00   4.527453e+03    875s
 4969789    6.1885715e+03   0.000000e+00   6.014885e+03    887s
 4981693    6.1914952e+03   0.000000e+00   8.713711e+03    905s
 5001632    6.1949004e+03   0.000000e+00   2.596930e+03    921s
 5013426    6.1978904e+03   0.000000e+00   1.310023e+04    934s
 5026378    6.2008177e+03   0.000000e+00   9.549190e+03    948s
 5034798    6.2029745e+03   0.000000e+00   5.352497e+03    960s
 5046348    6.2059463e+03   0.000000e+00   4.653094e+03    974s
 5059877    6.2100671e+03   0.000000e+00   3.862714e+04    986s
 5072525    6.2116956e+03   0.000000e+00   7.939957e+03   1014s
 5086029    6.2140365e+03   0.000000e+00   7.273519e+03   1028s
 5098912    6.2165923e+03   0.000000e+00   5.508786e+03   1045s
 5113095    6.2203278e+03   0.000000e+00   9.622596e+03   1060s
 5131196    6.2241354e+03   0.000000e+00   4.519381e+03   1084s
 5142604    6.2268040e+03   0.000000e+00   3.932680e+03   1096s
 5153996    6.2287237e+03   0.000000e+00   2.615271e+03   1115s
 5169003    6.2323795e+03   0.000000e+00   1.184453e+03   1130s
 5183341    6.2374955e+03   0.000000e+00   1.266578e+03   1147s
 5201522    6.2426411e+03   0.000000e+00   2.278552e+03   1170s
 5211761    6.2472514e+03   0.000000e+00   2.003817e+03   1186s
 5223931    6.2503172e+03   0.000000e+00   2.858147e+03   1199s
 5244964    6.2530843e+03   0.000000e+00   5.536780e+03   1224s
 5262668    6.2555245e+03   0.000000e+00   1.876491e+03   1257s
 5277505    6.2577136e+03   0.000000e+00   9.895812e+02   1278s
 5292049    6.2605214e+03   0.000000e+00   9.921342e+02   1292s
 5310362    6.2629601e+03   0.000000e+00   1.153184e+03   1307s
 5325022    6.2651567e+03   0.000000e+00   8.175236e+02   1323s
 5338809    6.2672526e+03   0.000000e+00   8.542009e+02   1334s
 5348622    6.2686471e+03   0.000000e+00   1.351213e+03   1341s
 5362546    6.2703756e+03   0.000000e+00   5.461054e+02   1354s
 5372145    6.2720660e+03   0.000000e+00   4.872856e+02   1362s
 5381154    6.2726620e+03   0.000000e+00   5.805881e+02   1371s
 5392258    6.2738002e+03   0.000000e+00   5.176464e+02   1385s
 5403947    6.2750590e+03   0.000000e+00   4.071517e+02   1394s
 5419570    6.2769244e+03   0.000000e+00   3.809115e+02   1406s
 5431351    6.2782034e+03   0.000000e+00   4.761924e+02   1418s
 5443898    6.2789759e+03   0.000000e+00   2.371904e+02   1427s
 5454794    6.2800702e+03   0.000000e+00   2.454147e+02   1438s
 5461937    6.2804317e+03   0.000000e+00   2.912352e+02   1444s
 5472965    6.2813730e+03   0.000000e+00   2.343156e+02   1451s
 5484403    6.2823148e+03   0.000000e+00   2.407533e+02   1459s
 5494393    6.2828153e+03   0.000000e+00   2.427760e+02   1466s
 5504028    6.2834808e+03   0.000000e+00   1.310831e+02   1472s
 5514942    6.2839566e+03   0.000000e+00   3.563625e+02   1490s
 5524595    6.2849723e+03   0.000000e+00   1.272799e+03   1502s
 5534473    6.2858051e+03   0.000000e+00   1.369538e+02   1516s
 5542927    6.2864470e+03   0.000000e+00   6.230060e+01   1522s
 5551611    6.2877551e+03   0.000000e+00   7.664273e+01   1531s
 5560254    6.2886593e+03   0.000000e+00   5.757831e+01   1540s
 5567886    6.2893966e+03   0.000000e+00   5.161811e+01   1545s
 5576093    6.2910182e+03   0.000000e+00   6.119701e+01   1553s
 5584113    6.2919486e+03   0.000000e+00   1.126687e+02   1561s
 5590317    6.2924286e+03   0.000000e+00   4.877244e+01   1567s
 5595899    6.2931511e+03   0.000000e+00   3.788063e+01   1575s
 5602809    6.2942971e+03   0.000000e+00   3.554420e+01   1584s
 5611676    6.2958486e+03   0.000000e+00   2.273254e+01   1595s
 5622699    6.2971268e+03   0.000000e+00   2.203282e+01   1612s
 5636383    6.2987035e+03   0.000000e+00   1.567135e+01   1625s
 5645372    6.2992585e+03   0.000000e+00   1.556694e+01   1654s
 5657920    6.3015196e+03   0.000000e+00   1.153064e+01   1667s
 5665177    6.3029894e+03   0.000000e+00   1.978616e+01   1674s
 5673371    6.3052376e+03   0.000000e+00   1.138502e+01   1686s
 5681922    6.3067686e+03   0.000000e+00   1.369375e+03   1698s
 5693731    6.3073714e+03   0.000000e+00   1.470294e+01   1713s
 5701234    6.3088589e+03   0.000000e+00   1.202010e+03   1722s
 5710658    6.3097489e+03   0.000000e+00   3.195902e+02   1727s
 5725183    6.3104788e+03   0.000000e+00   8.538865e+00   1738s
 5735943    6.3107948e+03   0.000000e+00   1.562942e+02   1752s
 5742883    6.3109160e+03   0.000000e+00   9.388992e+00   1763s
 5743747    6.3104241e+03   4.180000e+01   0.000000e+00   1766s
 5743870    6.3104241e+03   0.000000e+00   0.000000e+00   1773s

Solved with primal simplex

Root relaxation: objective 6.310424e+03, 5743870 iterations, 1626.34 seconds (1021.71 work units)
Total elapsed time = 2108.69s (DegenMoves)
Total elapsed time = 2119.06s (DegenMoves)

    Nodes    |    Current Node    |     Objective Bounds      |     Work
 Expl Unexpl |  Obj  Depth IntInf | Incumbent    BestBd   Gap | It/Node Time

     0     0 6310.42407    0   50 1578.97290 6310.42407   300%     - 2124s
H    0     0                    6310.3575875 6310.42407  0.00%     - 2160s

Explored 1 nodes (5811195 simplex iterations) in 2161.39 seconds (1406.48 work units)
Thread count was 32 (of 128 available processors)

Solution count 3: 6310.36 1578.97 1184.03 

Optimal solution found (tolerance 1.00e-04)
Best objective 6.310357587548e+03, best bound 6.310424074225e+03, gap 0.0011%
