Gurobi Optimizer version 11.0.3 build v11.0.3rc0 (linux64 - "Rocky Linux 9.4 (Blue Onyx)")

CPU model: AMD EPYC 7662 64-Core Processor, instruction set [SSE2|AVX|AVX2]
Thread count: 128 physical cores, 128 logical processors, using up to 32 threads

Optimize a model with 10364840 rows, 5072418 columns and 30072210 nonzeros
Model fingerprint: 0xbe5bac8d
Variable types: 0 continuous, 5072418 integer (5072418 binary)
Coefficient statistics:
  Matrix range     [1e+00, 1e+00]
  Objective range  [1e-04, 1e+00]
  Bounds range     [1e+00, 1e+00]
  RHS range        [1e+00, 3e+04]
Found heuristic solution: objective 922.5436993
Presolve removed 1302612 rows and 563602 columns (presolve time = 6s) ...
Presolve removed 1302612 rows and 563602 columns (presolve time = 10s) ...
Presolve removed 1302612 rows and 563602 columns (presolve time = 15s) ...
Presolve removed 1302612 rows and 563602 columns (presolve time = 21s) ...
Presolve removed 1302612 rows and 563602 columns (presolve time = 25s) ...
Presolve removed 1302612 rows and 563602 columns (presolve time = 30s) ...
Presolve removed 1302612 rows and 563602 columns (presolve time = 35s) ...
Presolve removed 1302612 rows and 563602 columns (presolve time = 40s) ...
Presolve removed 4440172 rows and 654362 columns (presolve time = 45s) ...
Presolve removed 4440172 rows and 654362 columns (presolve time = 50s) ...
Presolve removed 4440172 rows and 654362 columns (presolve time = 55s) ...
Presolve removed 4440172 rows and 654362 columns (presolve time = 60s) ...
Presolve removed 4440172 rows and 654362 columns (presolve time = 65s) ...
Presolve removed 4440172 rows and 654362 columns (presolve time = 70s) ...
Presolve removed 4440172 rows and 654362 columns (presolve time = 75s) ...
Presolve removed 4440171 rows and 654361 columns
Presolve time: 77.36s
Presolved: 5924669 rows, 4418057 columns, 16895840 nonzeros
Variable types: 0 continuous, 4418057 integer (4418056 binary)
Found heuristic solution: objective 1399.2448987
Concurrent LP optimizer: primal and dual simplex
Showing primal log only...


Root simplex log...

Iteration    Objective       Primal Inf.    Dual Inf.      Time
       0    5.6734236e+03   1.327700e+04   2.336737e+10    115s
   16721    3.6660761e+03   2.200125e+03   1.186228e+11    115s
   82516    3.0484515e+03   0.000000e+00   3.290442e+04    121s
 3015918    3.3785142e+03   0.000000e+00   1.648852e+04    129s
 3051428    3.3864718e+03   0.000000e+00   1.345070e+05    137s
 3088073    3.3923933e+03   0.000000e+00   1.470217e+04    146s
 3122863    3.4019032e+03   0.000000e+00   1.223623e+04    156s
 3155313    3.4089168e+03   0.000000e+00   7.979093e+03    168s
 3184650    3.4170561e+03   0.000000e+00   7.429614e+03    182s
 3206811    3.4236379e+03   0.000000e+00   5.142299e+03    193s
 3238912    3.4293239e+03   0.000000e+00   4.219884e+03    205s
 3259606    3.4348176e+03   0.000000e+00   3.320721e+04    214s
 3281482    3.4401907e+03   0.000000e+00   1.087869e+04    223s
 3299291    3.4437561e+03   0.000000e+00   6.832831e+03    232s
 3312397    3.4470328e+03   0.000000e+00   2.033683e+04    241s
 3341999    3.4532365e+03   0.000000e+00   2.292488e+04    255s
 3357764    3.4579419e+03   0.000000e+00   1.769950e+04    267s
 3381595    3.4623668e+03   0.000000e+00   2.695031e+04    287s
 3401308    3.4670464e+03   0.000000e+00   2.047558e+04    303s
 3420077    3.4710097e+03   0.000000e+00   5.428721e+03    317s
 3434843    3.4743813e+03   0.000000e+00   2.455685e+03    326s
 3452635    3.4795630e+03   0.000000e+00   3.158418e+04    335s
 3471604    3.4842211e+03   0.000000e+00   3.316259e+04    350s
 3482315    3.4876200e+03   0.000000e+00   4.369173e+04    358s
 3493896    3.4902807e+03   0.000000e+00   3.435525e+04    371s
 3514628    3.4942424e+03   0.000000e+00   7.593105e+03    395s
 3525938    3.4964894e+03   0.000000e+00   9.147171e+03    406s
 3543365    3.5001153e+03   0.000000e+00   7.489659e+03    418s
 3553666    3.5028482e+03   0.000000e+00   7.093210e+03    434s
 3567921    3.5051237e+03   0.000000e+00   4.192669e+03    446s
 3583011    3.5081460e+03   0.000000e+00   4.989236e+03    456s
 3594173    3.5102934e+03   0.000000e+00   2.116112e+03    464s
 3605762    3.5150432e+03   0.000000e+00   1.135993e+04    474s
 3613990    3.5176605e+03   0.000000e+00   2.865400e+03    480s
 3621040    3.5204346e+03   0.000000e+00   5.735630e+03    485s
 3630611    3.5229102e+03   0.000000e+00   1.932372e+04    494s
 3642787    3.5259339e+03   0.000000e+00   2.585240e+04    507s
 3650686    3.5280317e+03   0.000000e+00   9.957670e+03    518s
 3660473    3.5306789e+03   0.000000e+00   5.054263e+03    527s
 3671126    3.5337756e+03   0.000000e+00   5.345436e+03    535s
 3681242    3.5368075e+03   0.000000e+00   1.396059e+04    542s
 3690374    3.5387519e+03   0.000000e+00   2.139711e+04    549s
 3704923    3.5424827e+03   0.000000e+00   1.084526e+04    563s
 3713195    3.5460805e+03   0.000000e+00   1.049292e+04    576s
 3720998    3.5490319e+03   0.000000e+00   9.233465e+03    588s
 3733438    3.5554950e+03   0.000000e+00   3.454478e+03    600s
 3742564    3.5582969e+03   0.000000e+00   1.491798e+03    608s
 3750460    3.5611140e+03   0.000000e+00   1.403371e+03    615s
 3759339    3.5642972e+03   0.000000e+00   1.880104e+03    623s
 3770650    3.5675830e+03   0.000000e+00   2.690530e+03    634s
 3777683    3.5699205e+03   0.000000e+00   1.064952e+04    641s
 3794767    3.5717670e+03   0.000000e+00   5.410069e+03    650s
 3807173    3.5756409e+03   0.000000e+00   3.095910e+03    660s
 3819135    3.5782118e+03   0.000000e+00   1.480511e+04    669s
 3828940    3.5794558e+03   0.000000e+00   1.731868e+04    681s
 3838681    3.5802139e+03   0.000000e+00   9.293019e+03    693s
 3850824    3.5823673e+03   0.000000e+00   1.217698e+04    707s
 3864994    3.5860030e+03   0.000000e+00   4.690385e+03    721s
 3873214    3.5884683e+03   0.000000e+00   4.789964e+03    730s
 3885854    3.5909685e+03   0.000000e+00   7.073917e+03    741s
 3902901    3.5941242e+03   0.000000e+00   4.179352e+03    761s
 3923114    3.5978884e+03   0.000000e+00   4.200917e+03    776s
 3931527    3.6003095e+03   0.000000e+00   7.036465e+04    784s
 3939029    3.6016494e+03   0.000000e+00   1.230116e+04    795s
 3951080    3.6035417e+03   0.000000e+00   4.004256e+03    809s
 3962755    3.6055756e+03   0.000000e+00   1.237447e+03    822s
 3974727    3.6082348e+03   0.000000e+00   6.050206e+03    834s
 3982647    3.6101726e+03   0.000000e+00   6.230970e+03    847s
 3991761    3.6120064e+03   0.000000e+00   2.245821e+03    864s
 4003628    3.6140517e+03   0.000000e+00   1.344794e+03    874s
 4013860    3.6166607e+03   0.000000e+00   9.390381e+02    884s
 4023167    3.6193931e+03   0.000000e+00   1.067957e+03    891s
 4031440    3.6212728e+03   0.000000e+00   3.814631e+03    898s
 4036806    3.6227100e+03   0.000000e+00   3.614273e+03    904s
 4044571    3.6242788e+03   0.000000e+00   2.922453e+03    912s
 4055993    3.6264467e+03   0.000000e+00   1.159378e+03    920s
 4066306    3.6281145e+03   0.000000e+00   1.250225e+03    929s
 4077649    3.6296695e+03   0.000000e+00   1.499351e+03    942s
 4086999    3.6309650e+03   0.000000e+00   8.770088e+02    952s
 4094034    3.6321385e+03   0.000000e+00   1.052450e+03    960s
 4102528    3.6331016e+03   0.000000e+00   2.440403e+03    970s
 4109019    3.6337738e+03   0.000000e+00   1.744720e+03    976s
 4118468    3.6354794e+03   0.000000e+00   8.410888e+02    986s
 4127894    3.6374020e+03   0.000000e+00   5.491135e+02    993s
 4136645    3.6386470e+03   0.000000e+00   1.720219e+03   1002s
 4148295    3.6395283e+03   0.000000e+00   3.969313e+03   1011s
 4156750    3.6404025e+03   0.000000e+00   9.584596e+02   1020s
 4172551    3.6412929e+03   0.000000e+00   1.532743e+03   1028s
 4182100    3.6418249e+03   0.000000e+00   1.172901e+03   1041s
 4191888    3.6425449e+03   0.000000e+00   1.266412e+03   1053s
 4196839    3.6429213e+03   0.000000e+00   1.265022e+03   1060s
 4202589    3.6431854e+03   0.000000e+00   7.091068e+02   1067s
 4208807    3.6438123e+03   0.000000e+00   6.535994e+02   1076s
 4218642    3.6450568e+03   0.000000e+00   5.446399e+02   1082s
 4224307    3.6457617e+03   0.000000e+00   2.350977e+03   1087s
 4234651    3.6464303e+03   0.000000e+00   6.557640e+02   1098s
 4244023    3.6469974e+03   0.000000e+00   7.841924e+02   1106s
 4250882    3.6471603e+03   0.000000e+00   4.661392e+02   1112s
 4258654    3.6476885e+03   0.000000e+00   3.980914e+02   1119s
 4263888    3.6479575e+03   0.000000e+00   3.692346e+02   1122s
 4270568    3.6483121e+03   0.000000e+00   3.105233e+02   1126s
 4280616    3.6488285e+03   0.000000e+00   8.154466e+02   1132s
 4287589    3.6491418e+03   0.000000e+00   3.897481e+02   1138s
 4295931    3.6495207e+03   0.000000e+00   1.801695e+02   1143s
 4304726    3.6499005e+03   0.000000e+00   1.786981e+02   1149s
 4313573    3.6501426e+03   0.000000e+00   1.424214e+02   1153s
 4318801    3.6503518e+03   0.000000e+00   6.594805e+02   1156s
 4327318    3.6508023e+03   0.000000e+00   3.496258e+02   1161s
 4334175    3.6510410e+03   0.000000e+00   1.502655e+02   1166s
 4344055    3.6512762e+03   0.000000e+00   1.011267e+02   1174s
 4349309    3.6514297e+03   0.000000e+00   5.985904e+01   1179s
 4356520    3.6517424e+03   0.000000e+00   1.245785e+02   1184s
 4358676    3.6517940e+03   0.000000e+00   3.901174e+01   1187s
 4365363    3.6519383e+03   0.000000e+00   3.138252e+01   1194s
 4374188    3.6522563e+03   0.000000e+00   2.830355e+01   1200s
 4382779    3.6524161e+03   0.000000e+00   2.733809e+01   1206s
 4388397    3.6526856e+03   0.000000e+00   2.125008e+01   1212s
 4398005    3.6528411e+03   0.000000e+00   2.598559e+03   1218s
 4404949    3.6530681e+03   0.000000e+00   2.738123e+01   1223s
 4411419    3.6531827e+03   0.000000e+00   2.213435e+03   1228s
 4416949    3.6534687e+03   0.000000e+00   9.985000e+01   1234s
 4425202    3.6537156e+03   0.000000e+00   1.581420e+01   1241s
 4432995    3.6539480e+03   0.000000e+00   8.510721e+00   1249s
 4439464    3.6541810e+03   0.000000e+00   5.482094e+00   1260s
 4448942    3.6543322e+03   0.000000e+00   3.879409e+00   1270s
 4456984    3.6544153e+03   0.000000e+00   2.405382e+00   1281s
 4463738    3.6544356e+03   0.000000e+00   9.587296e+00   1297s
 4469574    3.6544492e+03   0.000000e+00   4.638670e+00   1304s
 4475674    3.6544725e+03   0.000000e+00   8.014323e-01   1313s
 4479684    3.6544980e+03   0.000000e+00   5.281139e-01   1320s
 4482364    3.6545089e+03   0.000000e+00   1.077765e-01   1327s
 4483073    3.6541374e+03   1.493407e+01   0.000000e+00   1331s
 4483088    3.6541374e+03   0.000000e+00   0.000000e+00   1333s

Solved with primal simplex

Root relaxation: objective 3.654137e+03, 4483088 iterations, 1238.46 seconds (781.28 work units)
Total elapsed time = 1489.44s (DegenMoves)
Total elapsed time = 1496.05s (DegenMoves)

    Nodes    |    Current Node    |     Objective Bounds      |     Work
 Expl Unexpl |  Obj  Depth IntInf | Incumbent    BestBd   Gap | It/Node Time

     0     0 3654.13745    0  376 1399.24490 3654.13745   161%     - 1500s
H    0     0                    3653.9974956 3654.13745  0.00%     - 1529s

Explored 1 nodes (4502585 simplex iterations) in 1529.55 seconds (1008.24 work units)
Thread count was 32 (of 128 available processors)

Solution count 3: 3654 1399.24 922.544 

Optimal solution found (tolerance 1.00e-04)
Best objective 3.653997495646e+03, best bound 3.654137448204e+03, gap 0.0038%
